<?xml version="1.0" encoding="UTF-8"?>
<!-- Generated by org.testng.reporters.JUnitReportReporter -->
<testsuite skipped="0" hostname="asus" name="actiTIME.Demo" tests="1" failures="0" timestamp="01 Jul 2020 03:12:09 GMT" time="0.078" errors="0">
  <testcase name="run" time="0.078" classname="actiTIME.Demo"/>
</testsuite> <!-- actiTIME.Demo -->
